#
# There is insufficient memory for the Java Runtime Environment to continue.
# Native memory allocation (malloc) failed to allocate 1410896 bytes for Chunk::new
# Possible reasons:
#   The system is out of physical RAM or swap space
#   The process is running with CompressedOops enabled, and the Java Heap may be blocking the growth of the native heap
# Possible solutions:
#   Reduce memory load on the system
#   Increase physical memory or swap space
#   Check if swap backing store is full
#   Decrease Java heap size (-Xmx/-Xms)
#   Decrease number of Java threads
#   Decrease Java thread stack sizes (-Xss)
#   Set larger code cache with -XX:ReservedCodeCacheSize=
#   JVM is running with Unscaled Compressed Oops mode in which the Java heap is
#     placed in the first 4GB address space. The Java Heap base address is the
#     maximum limit for the native heap growth. Please use -XX:HeapBaseMinAddress
#     to set the Java Heap base and to place the Java Heap above 4GB virtual address.
# This output file may be truncated or incomplete.
#
#  Out of Memory Error (allocation.cpp:389), pid=3940, tid=0x0000000000001e94
#
# JRE version: OpenJDK Runtime Environment (8.0_202-b03) (build 1.8.0_202-release-1483-b03)
# Java VM: OpenJDK 64-Bit Server VM (25.202-b03 mixed mode windows-amd64 compressed oops)
# Failed to write core dump. Minidumps are not enabled by default on client versions of Windows
#

---------------  T H R E A D  ---------------

Current thread (0x00000000579ad000):  JavaThread "C2 CompilerThread0" daemon [_thread_in_native, id=7828, stack(0x0000000057fb0000,0x00000000580b0000)]

Stack: [0x0000000057fb0000,0x00000000580b0000]
[error occurred during error reporting (printing stack bounds), id 0xc0000005]

Native frames: (J=compiled Java code, j=interpreted, Vv=VM code, C=native code)


Current CompileTask:
C2:  40513 8819       4       java.io.ObjectOutputStream::writeClassDesc (60 bytes)


---------------  P R O C E S S  ---------------

Java Threads: ( => current thread )
  0x000000005d7cb800 JavaThread "WorkerExecutor Queue Thread 3" [_thread_blocked, id=1356, stack(0x00000000664e0000,0x00000000665e0000)]
  0x000000005d7ca800 JavaThread "WorkerExecutor Queue Thread 2" [_thread_blocked, id=6164, stack(0x0000000066030000,0x0000000066130000)]
  0x000000005d7ca000 JavaThread "stdout" [_thread_in_native, id=3824, stack(0x00000000667b0000,0x00000000668b0000)]
  0x000000005d4b7000 JavaThread "stderr" [_thread_in_native, id=1616, stack(0x0000000066610000,0x0000000066710000)]
  0x000000005d4b6000 JavaThread "pool-2-thread-1" [_thread_blocked, id=1148, stack(0x0000000066270000,0x0000000066370000)]
  0x000000005d4b5800 JavaThread "WorkerExecutor Queue" [_thread_blocked, id=6192, stack(0x0000000066390000,0x0000000066490000)]
  0x000000005d4b3000 JavaThread "Cache worker for execution history cache (C:\Users\user\AndroidStudioProjects\test2\.gradle\5.4.1\executionHistory)" [_thread_blocked, id=7960, stack(0x0000000064a80000,0x0000000064b80000)]
  0x000000005d4b2800 JavaThread "Execution worker for ':' Thread 3" [_thread_blocked, id=6804, stack(0x0000000060e60000,0x0000000060f60000)]
  0x000000005d4b1800 JavaThread "Execution worker for ':' Thread 2" [_thread_blocked, id=6204, stack(0x0000000064700000,0x0000000064800000)]
  0x000000005d4b1000 JavaThread "Execution worker for ':'" [_thread_in_vm, id=4692, stack(0x0000000064580000,0x0000000064680000)]
  0x000000005d4b0000 JavaThread "Cache worker for file content cache (C:\Users\user\AndroidStudioProjects\test2\.gradle\5.4.1\fileContent)" [_thread_blocked, id=4748, stack(0x00000000631e0000,0x00000000632e0000)]
  0x0000000059b6c000 JavaThread "Cache worker for file content cache (C:\Users\user\.gradle\caches\5.4.1\fileContent)" [_thread_blocked, id=5720, stack(0x0000000062ff0000,0x00000000630f0000)]
  0x0000000059b6b000 JavaThread "Memory manager" [_thread_blocked, id=3148, stack(0x0000000062cb0000,0x0000000062db0000)]
  0x0000000059b69800 JavaThread "Cache worker for Build Output Cleanup Cache (C:\Users\user\AndroidStudioProjects\test2\.gradle\buildOutputCleanup)" [_thread_blocked, id=2348, stack(0x0000000061f70000,0x0000000062070000)]
  0x0000000059b69000 JavaThread "Build operations Thread 4" [_thread_blocked, id=7652, stack(0x00000000617e0000,0x00000000618e0000)]
  0x0000000059b68000 JavaThread "Build operations Thread 3" [_thread_blocked, id=4844, stack(0x00000000615b0000,0x00000000616b0000)]
  0x0000000059b67800 JavaThread "Build operations Thread 2" [_thread_blocked, id=4028, stack(0x00000000613c0000,0x00000000614c0000)]
  0x0000000059b66800 JavaThread "Build operations" [_thread_blocked, id=592, stack(0x00000000611d0000,0x00000000612d0000)]
  0x0000000059b65000 JavaThread "Cache worker for execution history cache (C:\Users\user\.gradle\caches\5.4.1\executionHistory)" [_thread_blocked, id=2112, stack(0x000000005ec70000,0x000000005ed70000)]
  0x0000000059b64800 JavaThread "Cache worker for cache directory md-rule (C:\Users\user\.gradle\caches\5.4.1\md-rule)" [_thread_blocked, id=4760, stack(0x000000005f020000,0x000000005f120000)]
  0x0000000059b63800 JavaThread "Cache worker for cache directory md-supplier (C:\Users\user\.gradle\caches\5.4.1\md-supplier)" [_thread_blocked, id=6524, stack(0x000000005fab0000,0x000000005fbb0000)]
  0x0000000059b5f000 JavaThread "Cache worker for file hash cache (C:\Users\user\AndroidStudioProjects\test2\.gradle\5.4.1\fileHashes)" [_thread_blocked, id=4988, stack(0x000000005f170000,0x000000005f270000)]
  0x0000000059b5e800 JavaThread "Cache worker for journal cache (C:\Users\user\.gradle\caches\journal-1)" [_thread_blocked, id=8132, stack(0x000000005b800000,0x000000005b900000)]
  0x0000000059b5d800 JavaThread "File lock request listener" [_thread_in_native, id=8052, stack(0x000000005b970000,0x000000005ba70000)]
  0x0000000059b5d000 JavaThread "Cache worker for file hash cache (C:\Users\user\.gradle\caches\5.4.1\fileHashes)" [_thread_blocked, id=4648, stack(0x000000005b4c0000,0x000000005b5c0000)]
  0x0000000059a63000 JavaThread "Thread-9" [_thread_blocked, id=2684, stack(0x000000005b1a0000,0x000000005b2a0000)]
  0x0000000059a62000 JavaThread "Stdin handler" [_thread_blocked, id=5156, stack(0x000000005b330000,0x000000005b430000)]
  0x0000000059a61800 JavaThread "Asynchronous log dispatcher for DefaultDaemonConnection: socket connection from /127.0.0.1:52778 to /127.0.0.1:52779" [_thread_blocked, id=6864, stack(0x000000005b060000,0x000000005b160000)]
  0x0000000059a5e800 JavaThread "Daemon worker" [_thread_blocked, id=7496, stack(0x000000005aa30000,0x000000005ab30000)]
  0x0000000059a50800 JavaThread "Cancel handler" [_thread_blocked, id=5296, stack(0x000000005aec0000,0x000000005afc0000)]
  0x00000000599c7000 JavaThread "Handler for socket connection from /127.0.0.1:52778 to /127.0.0.1:52779" [_thread_in_native, id=1992, stack(0x000000005ab80000,0x000000005ac80000)]
  0x0000000059956800 JavaThread "Daemon" [_thread_blocked, id=8156, stack(0x000000005a060000,0x000000005a160000)]
  0x000000005994a800 JavaThread "Daemon periodic checks" [_thread_blocked, id=4448, stack(0x000000005a8c0000,0x000000005a9c0000)]
  0x0000000059924000 JavaThread "Incoming local TCP Connector on port 52778" [_thread_in_native, id=2832, stack(0x000000005a700000,0x000000005a800000)]
  0x00000000597de800 JavaThread "Daemon health stats" [_thread_blocked, id=2812, stack(0x000000005a1d0000,0x000000005a2d0000)]
  0x0000000057a2a800 JavaThread "Service Thread" daemon [_thread_blocked, id=4228, stack(0x0000000058350000,0x0000000058450000)]
  0x00000000579bc800 JavaThread "C1 CompilerThread2" daemon [_thread_blocked, id=6304, stack(0x0000000058490000,0x0000000058590000)]
  0x00000000579b4000 JavaThread "C2 CompilerThread1" daemon [_thread_in_native, id=7636, stack(0x00000000581f0000,0x00000000582f0000)]
=>0x00000000579ad000 JavaThread "C2 CompilerThread0" daemon [_thread_in_native, id=7828, stack(0x0000000057fb0000,0x00000000580b0000)]
  0x0000000057999800 JavaThread "Attach Listener" daemon [_thread_blocked, id=1928, stack(0x0000000057430000,0x0000000057530000)]
  0x0000000057998800 JavaThread "Signal Dispatcher" daemon [_thread_blocked, id=6716, stack(0x0000000057e00000,0x0000000057f00000)]
  0x00000000564b8800 JavaThread "Finalizer" daemon [_thread_blocked, id=5576, stack(0x0000000057890000,0x0000000057990000)]
  0x00000000564b1000 JavaThread "Reference Handler" daemon [_thread_blocked, id=8176, stack(0x0000000057710000,0x0000000057810000)]
  0x00000000024ae800 JavaThread "main" [_thread_blocked, id=3520, stack(0x00000000027a0000,0x00000000028a0000)]

Other Threads:
  0x0000000056469800 VMThread [stack: 0x0000000057570000,0x0000000057670000] [id=7264]
  0x0000000057a2c800 WatcherThread [stack: 0x0000000058630000,0x0000000058730000] [id=3900]

VM state:not at safepoint (normal execution)

VM Mutex/Monitor currently owned by a thread: None

heap address: 0x00000000a0000000, size: 1536 MB, Compressed Oops mode: 32-bit
Narrow klass base: 0x0000000000000000, Narrow klass shift: 0
Compressed class space size: 1073741824 Address: 0x0000000015ae0000

Heap:
 PSYoungGen      total 265728K, used 33483K [0x00000000e0000000, 0x00000000f6800000, 0x0000000100000000)
  eden space 248320K, 6% used [0x00000000e0000000,0x00000000e0fb3218,0x00000000ef280000)
  from space 17408K, 99% used [0x00000000ef280000,0x00000000f037fb48,0x00000000f0380000)
  to   space 20480K, 0% used [0x00000000f5400000,0x00000000f5400000,0x00000000f6800000)
 ParOldGen       total 76800K, used 35749K [0x00000000a0000000, 0x00000000a4b00000, 0x00000000e0000000)
  object space 76800K, 46% used [0x00000000a0000000,0x00000000a22e9470,0x00000000a4b00000)
 Metaspace       used 66867K, capacity 69212K, committed 69464K, reserved 1110016K
  class space    used 9053K, capacity 9592K, committed 9600K, reserved 1048576K

Card table byte_map: [0x0000000011c60000,0x0000000011f70000] byte_map_base: 0x0000000011760000

Marking Bits: (ParMarkBitMap*) 0x000000006cda9f30
 Begin Bits: [0x00000000127e0000, 0x0000000013fe0000)
 End Bits:   [0x0000000013fe0000, 0x00000000157e0000)

Polling page: 0x0000000000140000

CodeCache: size=245760Kb used=23903Kb max_used=23903Kb free=221856Kb
 bounds [0x00000000028a0000, 0x0000000004020000, 0x00000000118a0000]
 total_blobs=8559 nmethods=7741 adapters=730
 compilation: enabled

Compilation events (10 events):
Event: 40.492 Thread 0x00000000579bc800 nmethod 8889 0x0000000003796950 code [0x0000000003796aa0, 0x0000000003796bb0]
Event: 40.492 Thread 0x00000000579bc800 8890       3       java.lang.invoke.InfoFromMemberName::getDeclaringClass (8 bytes)
Event: 40.493 Thread 0x00000000579bc800 nmethod 8890 0x0000000003d57310 code [0x0000000003d57460, 0x0000000003d57650]
Event: 40.493 Thread 0x00000000579bc800 8891       3       java.lang.invoke.InfoFromMemberName::getMethodType (8 bytes)
Event: 40.493 Thread 0x00000000579bc800 nmethod 8891 0x0000000003d56ed0 code [0x0000000003d57040, 0x0000000003d57248]
Event: 40.493 Thread 0x00000000579bc800 8892       3       java.lang.invoke.InfoFromMemberName::getName (8 bytes)
Event: 40.493 Thread 0x00000000579bc800 nmethod 8892 0x0000000003d317d0 code [0x0000000003d31960, 0x0000000003d31e68]
Event: 40.494 Thread 0x00000000579bc800 8893       3       java.lang.invoke.TypeConvertingMethodAdapter::<init> (8 bytes)
Event: 40.494 Thread 0x00000000579bc800 nmethod 8893 0x0000000003d31310 code [0x0000000003d31480, 0x0000000003d316d0]
Event: 40.494 Thread 0x00000000579bc800 8894       3       jdk.internal.org.objectweb.asm.MethodVisitor::visitCode (15 bytes)

GC Heap History (10 events):
Event: 16.506 GC heap before
{Heap before GC invocations=12 (full 2):
 PSYoungGen      total 190976K, used 4816K [0x00000000e0000000, 0x00000000ed500000, 0x0000000100000000)
  eden space 178176K, 0% used [0x00000000e0000000,0x00000000e0000000,0x00000000eae00000)
  from space 12800K, 37% used [0x00000000eba00000,0x00000000ebeb4010,0x00000000ec680000)
  to   space 12288K, 0% used [0x00000000eae00000,0x00000000eae00000,0x00000000eba00000)
 ParOldGen       total 36864K, used 16854K [0x00000000a0000000, 0x00000000a2400000, 0x00000000e0000000)
  object space 36864K, 45% used [0x00000000a0000000,0x00000000a1075948,0x00000000a2400000)
 Metaspace       used 34632K, capacity 35398K, committed 35456K, reserved 1079296K
  class space    used 4748K, capacity 4982K, committed 4992K, reserved 1048576K
Event: 16.980 GC heap after
Heap after GC invocations=12 (full 2):
 PSYoungGen      total 190976K, used 0K [0x00000000e0000000, 0x00000000ed500000, 0x0000000100000000)
  eden space 178176K, 0% used [0x00000000e0000000,0x00000000e0000000,0x00000000eae00000)
  from space 12800K, 0% used [0x00000000eba00000,0x00000000eba00000,0x00000000ec680000)
  to   space 12288K, 0% used [0x00000000eae00000,0x00000000eae00000,0x00000000eba00000)
 ParOldGen       total 46592K, used 15153K [0x00000000a0000000, 0x00000000a2d80000, 0x00000000e0000000)
  object space 46592K, 32% used [0x00000000a0000000,0x00000000a0ecc658,0x00000000a2d80000)
 Metaspace       used 34623K, capacity 35368K, committed 35456K, reserved 1079296K
  class space    used 4746K, capacity 4977K, committed 4992K, reserved 1048576K
}
Event: 23.923 GC heap before
{Heap before GC invocations=13 (full 2):
 PSYoungGen      total 190976K, used 178176K [0x00000000e0000000, 0x00000000ed500000, 0x0000000100000000)
  eden space 178176K, 100% used [0x00000000e0000000,0x00000000eae00000,0x00000000eae00000)
  from space 12800K, 0% used [0x00000000eba00000,0x00000000eba00000,0x00000000ec680000)
  to   space 12288K, 0% used [0x00000000eae00000,0x00000000eae00000,0x00000000eba00000)
 ParOldGen       total 46592K, used 15153K [0x00000000a0000000, 0x00000000a2d80000, 0x00000000e0000000)
  object space 46592K, 32% used [0x00000000a0000000,0x00000000a0ecc658,0x00000000a2d80000)
 Metaspace       used 50463K, capacity 51796K, committed 51968K, reserved 1093632K
  class space    used 6777K, capacity 7137K, committed 7168K, reserved 1048576K
Event: 23.961 GC heap after
Heap after GC invocations=13 (full 2):
 PSYoungGen      total 190464K, used 12271K [0x00000000e0000000, 0x00000000f1980000, 0x0000000100000000)
  eden space 178176K, 0% used [0x00000000e0000000,0x00000000e0000000,0x00000000eae00000)
  from space 12288K, 99% used [0x00000000eae00000,0x00000000eb9fbfb0,0x00000000eba00000)
  to   space 17920K, 0% used [0x00000000f0800000,0x00000000f0800000,0x00000000f1980000)
 ParOldGen       total 46592K, used 24911K [0x00000000a0000000, 0x00000000a2d80000, 0x00000000e0000000)
  object space 46592K, 53% used [0x00000000a0000000,0x00000000a1853ed8,0x00000000a2d80000)
 Metaspace       used 50463K, capacity 51796K, committed 51968K, reserved 1093632K
  class space    used 6777K, capacity 7137K, committed 7168K, reserved 1048576K
}
Event: 27.277 GC heap before
{Heap before GC invocations=14 (full 2):
 PSYoungGen      total 190464K, used 98966K [0x00000000e0000000, 0x00000000f1980000, 0x0000000100000000)
  eden space 178176K, 48% used [0x00000000e0000000,0x00000000e54a9c00,0x00000000eae00000)
  from space 12288K, 99% used [0x00000000eae00000,0x00000000eb9fbfb0,0x00000000eba00000)
  to   space 17920K, 0% used [0x00000000f0800000,0x00000000f0800000,0x00000000f1980000)
 ParOldGen       total 46592K, used 24911K [0x00000000a0000000, 0x00000000a2d80000, 0x00000000e0000000)
  object space 46592K, 53% used [0x00000000a0000000,0x00000000a1853ed8,0x00000000a2d80000)
 Metaspace       used 57260K, capacity 58870K, committed 59096K, reserved 1099776K
  class space    used 7735K, capacity 8164K, committed 8192K, reserved 1048576K
Event: 27.357 GC heap after
Heap after GC invocations=14 (full 2):
 PSYoungGen      total 261120K, used 9093K [0x00000000e0000000, 0x00000000f1480000, 0x0000000100000000)
  eden space 248320K, 0% used [0x00000000e0000000,0x00000000e0000000,0x00000000ef280000)
  from space 12800K, 71% used [0x00000000f0800000,0x00000000f10e1410,0x00000000f1480000)
  to   space 17408K, 0% used [0x00000000ef280000,0x00000000ef280000,0x00000000f0380000)
 ParOldGen       total 46592K, used 35197K [0x00000000a0000000, 0x00000000a2d80000, 0x00000000e0000000)
  object space 46592K, 75% used [0x00000000a0000000,0x00000000a225f790,0x00000000a2d80000)
 Metaspace       used 57260K, capacity 58870K, committed 59096K, reserved 1099776K
  class space    used 7735K, capacity 8164K, committed 8192K, reserved 1048576K
}
Event: 27.357 GC heap before
{Heap before GC invocations=15 (full 3):
 PSYoungGen      total 261120K, used 9093K [0x00000000e0000000, 0x00000000f1480000, 0x0000000100000000)
  eden space 248320K, 0% used [0x00000000e0000000,0x00000000e0000000,0x00000000ef280000)
  from space 12800K, 71% used [0x00000000f0800000,0x00000000f10e1410,0x00000000f1480000)
  to   space 17408K, 0% used [0x00000000ef280000,0x00000000ef280000,0x00000000f0380000)
 ParOldGen       total 46592K, used 35197K [0x00000000a0000000, 0x00000000a2d80000, 0x00000000e0000000)
  object space 46592K, 75% used [0x00000000a0000000,0x00000000a225f790,0x00000000a2d80000)
 Metaspace       used 57260K, capacity 58870K, committed 59096K, reserved 1099776K
  class space    used 7735K, capacity 8164K, committed 8192K, reserved 1048576K
Event: 27.922 GC heap after
Heap after GC invocations=15 (full 3):
 PSYoungGen      total 261120K, used 0K [0x00000000e0000000, 0x00000000f1480000, 0x0000000100000000)
  eden space 248320K, 0% used [0x00000000e0000000,0x00000000e0000000,0x00000000ef280000)
  from space 12800K, 0% used [0x00000000f0800000,0x00000000f0800000,0x00000000f1480000)
  to   space 17408K, 0% used [0x00000000ef280000,0x00000000ef280000,0x00000000f0380000)
 ParOldGen       total 76800K, used 33470K [0x00000000a0000000, 0x00000000a4b00000, 0x00000000e0000000)
  object space 76800K, 43% used [0x00000000a0000000,0x00000000a20afab8,0x00000000a4b00000)
 Metaspace       used 57260K, capacity 58870K, committed 59096K, reserved 1099776K
  class space    used 7735K, capacity 8164K, committed 8192K, reserved 1048576K
}
Event: 40.065 GC heap before
{Heap before GC invocations=16 (full 3):
 PSYoungGen      total 261120K, used 248320K [0x00000000e0000000, 0x00000000f1480000, 0x0000000100000000)
  eden space 248320K, 100% used [0x00000000e0000000,0x00000000ef280000,0x00000000ef280000)
  from space 12800K, 0% used [0x00000000f0800000,0x00000000f0800000,0x00000000f1480000)
  to   space 17408K, 0% used [0x00000000ef280000,0x00000000ef280000,0x00000000f0380000)
 ParOldGen       total 76800K, used 33470K [0x00000000a0000000, 0x00000000a4b00000, 0x00000000e0000000)
  object space 76800K, 43% used [0x00000000a0000000,0x00000000a20afab8,0x00000000a4b00000)
 Metaspace       used 66221K, capacity 68436K, committed 68568K, reserved 1107968K
  class space    used 8936K, capacity 9450K, committed 9472K, reserved 1048576K
Event: 40.120 GC heap after
Heap after GC invocations=16 (full 3):
 PSYoungGen      total 265728K, used 17406K [0x00000000e0000000, 0x00000000f6800000, 0x0000000100000000)
  eden space 248320K, 0% used [0x00000000e0000000,0x00000000e0000000,0x00000000ef280000)
  from space 17408K, 99% used [0x00000000ef280000,0x00000000f037fb48,0x00000000f0380000)
  to   space 20480K, 0% used [0x00000000f5400000,0x00000000f5400000,0x00000000f6800000)
 ParOldGen       total 76800K, used 35749K [0x00000000a0000000, 0x00000000a4b00000, 0x00000000e0000000)
  object space 76800K, 46% used [0x00000000a0000000,0x00000000a22e9470,0x00000000a4b00000)
 Metaspace       used 66221K, capacity 68436K, committed 68568K, reserved 1107968K
  class space    used 8936K, capacity 9450K, committed 9472K, reserved 1048576K
}

Deoptimization events (10 events):
Event: 39.079 Thread 0x000000005d4b1000 Uncommon trap: reason=class_check action=maybe_recompile pc=0x0000000003eb3b98 method=java.lang.reflect.Array.newInstance(Ljava/lang/Class;I)Ljava/lang/Object; @ 2
Event: 39.079 Thread 0x000000005d4b1000 Uncommon trap: reason=class_check action=maybe_recompile pc=0x0000000003eb3b98 method=java.lang.reflect.Array.newInstance(Ljava/lang/Class;I)Ljava/lang/Object; @ 2
Event: 39.242 Thread 0x000000005d4b1000 Uncommon trap: reason=null_check action=make_not_entrant pc=0x0000000003fc0de0 method=java.lang.reflect.Array.newInstance(Ljava/lang/Class;I)Ljava/lang/Object; @ 2
Event: 40.378 Thread 0x000000005d4b1000 Uncommon trap: reason=unstable_if action=reinterpret pc=0x00000000039bdfd8 method=org.objectweb.asm.Type.getType(Ljava/lang/Class;)Lorg/objectweb/asm/Type; @ 33
Event: 40.378 Thread 0x000000005d4b1000 Uncommon trap: reason=unstable_if action=reinterpret pc=0x00000000036e1ca8 method=org.objectweb.asm.Type.getArgumentsAndReturnSizes(Ljava/lang/String;)I @ 109
Event: 40.385 Thread 0x000000005d4b1000 Uncommon trap: reason=unstable_if action=reinterpret pc=0x000000000323c614 method=org.objectweb.asm.Type.getArgumentsAndReturnSizes(Ljava/lang/String;)I @ 109
Event: 40.416 Thread 0x000000005d4b1000 Uncommon trap: reason=speculate_class_check action=maybe_recompile pc=0x0000000003ece1e8 method=java.util.EnumMap.get(Ljava/lang/Object;)Ljava/lang/Object; @ 14
Event: 40.416 Thread 0x000000005d4b1000 Uncommon trap: reason=speculate_class_check action=maybe_recompile pc=0x0000000003ece1e8 method=java.util.EnumMap.get(Ljava/lang/Object;)Ljava/lang/Object; @ 14
Event: 40.416 Thread 0x000000005d4b1000 Uncommon trap: reason=speculate_class_check action=maybe_recompile pc=0x0000000003ece1e8 method=java.util.EnumMap.get(Ljava/lang/Object;)Ljava/lang/Object; @ 14
Event: 40.416 Thread 0x000000005d4b1000 Uncommon trap: reason=speculate_class_check action=maybe_recompile pc=0x0000000003ece1e8 method=java.util.EnumMap.get(Ljava/lang/Object;)Ljava/lang/Object; @ 14

Classes redefined (0 events):
No events

Internal exceptions (10 events):
Event: 33.780 Thread 0x000000005d4b1000 Exception <a 'java/lang/NoSuchMethodError': <clinit>> (0x00000000e9e1b628) thrown at [D:\src\AOSP-openjdk-cygwin\jdk8u\hotspot\src\share\vm\prims\jni.cpp, line 1614]
Event: 33.781 Thread 0x000000005d4b1000 Exception <a 'java/lang/NoSuchMethodError': <clinit>> (0x00000000e9e2bf48) thrown at [D:\src\AOSP-openjdk-cygwin\jdk8u\hotspot\src\share\vm\prims\jni.cpp, line 1614]
Event: 33.908 Thread 0x0000000059a5e800 Exception <a 'java/lang/NoSuchMethodError': <clinit>> (0x00000000e4442970) thrown at [D:\src\AOSP-openjdk-cygwin\jdk8u\hotspot\src\share\vm\prims\jni.cpp, line 1614]
Event: 34.606 Thread 0x000000005d4b1000 Exception <a 'java/lang/NoSuchMethodError': <clinit>> (0x00000000eb0f9eb8) thrown at [D:\src\AOSP-openjdk-cygwin\jdk8u\hotspot\src\share\vm\prims\jni.cpp, line 1614]
Event: 34.609 Thread 0x000000005d4b1000 Exception <a 'java/lang/NoSuchMethodError': <clinit>> (0x00000000eb113408) thrown at [D:\src\AOSP-openjdk-cygwin\jdk8u\hotspot\src\share\vm\prims\jni.cpp, line 1614]
Event: 34.610 Thread 0x000000005d4b1000 Exception <a 'java/lang/NoSuchMethodError': <clinit>> (0x00000000eb12b8a8) thrown at [D:\src\AOSP-openjdk-cygwin\jdk8u\hotspot\src\share\vm\prims\jni.cpp, line 1614]
Event: 34.625 Thread 0x000000005d4b1000 Exception <a 'java/lang/NoSuchMethodError': <clinit>> (0x00000000eb191978) thrown at [D:\src\AOSP-openjdk-cygwin\jdk8u\hotspot\src\share\vm\prims\jni.cpp, line 1614]
Event: 34.666 Thread 0x000000005d7cb800 Implicit null exception at 0x0000000003bac9a3 to 0x0000000003bacc88
Event: 35.384 Thread 0x000000005d7cb800 Exception <a 'java/lang/NoSuchMethodError': java.lang.Object.lambda$negate$1(Ljava/lang/Object;)Z> (0x00000000eb6b28f0) thrown at [D:\src\AOSP-openjdk-cygwin\jdk8u\hotspot\src\share\vm\interpreter\linkResolver.cpp, line 620]
Event: 40.046 Thread 0x000000005d4b1000 Exception <a 'java/lang/NoSuchMethodError': java.lang.Object.lambda$identity$2(Ljava/lang/Object;)Ljava/lang/Object;> (0x00000000ef1732c0) thrown at [D:\src\AOSP-openjdk-cygwin\jdk8u\hotspot\src\share\vm\interpreter\linkResolver.cpp, line 620]

Events (10 events):
Event: 40.488 loading class org/gradle/api/plugins/JavaBasePlugin$13
Event: 40.488 loading class org/gradle/api/plugins/JavaBasePlugin$13 done
Event: 40.489 loading class org/gradle/api/plugins/JavaBasePlugin$14
Event: 40.489 loading class org/gradle/api/plugins/JavaBasePlugin$14 done
Event: 40.490 loading class org/gradle/api/plugins/JavaBasePlugin$15
Event: 40.490 loading class org/gradle/api/plugins/JavaBasePlugin$15 done
Event: 40.492 loading class com/android/build/gradle/internal/scope/GlobalScope
Event: 40.492 loading class com/android/build/gradle/internal/scope/GlobalScope done
Event: 40.492 loading class com/android/build/gradle/internal/scope/GlobalScope
Event: 40.492 loading class com/android/build/gradle/internal/scope/GlobalScope done


Dynamic libraries:
0x000000013feb0000 - 0x000000013fee1000 	C:\Program Files\Android\Android Studio\jre\bin\java.exe
0x0000000076f20000 - 0x00000000770c9000 	C:\Windows\SYSTEM32\ntdll.dll
0x0000000076d00000 - 0x0000000076e1f000 	C:\Windows\system32\kernel32.dll
0x000007fefd040000 - 0x000007fefd0ab000 	C:\Windows\system32\KERNELBASE.dll
0x000007fefe6e0000 - 0x000007fefe7bb000 	C:\Windows\system32\ADVAPI32.dll
0x000007fefd240000 - 0x000007fefd2df000 	C:\Windows\system32\msvcrt.dll
0x000007fefd3e0000 - 0x000007fefd3ff000 	C:\Windows\SYSTEM32\sechost.dll
0x000007fefeb20000 - 0x000007fefec4d000 	C:\Windows\system32\RPCRT4.dll
0x0000000076e20000 - 0x0000000076f1a000 	C:\Windows\system32\USER32.dll
0x000007fefd370000 - 0x000007fefd3d7000 	C:\Windows\system32\GDI32.dll
0x000007fefd2e0000 - 0x000007fefd2ee000 	C:\Windows\system32\LPK.dll
0x000007fefed30000 - 0x000007fefedf9000 	C:\Windows\system32\USP10.dll
0x000007fefb310000 - 0x000007fefb504000 	C:\Windows\WinSxS\amd64_microsoft.windows.common-controls_6595b64144ccf1df_6.0.7601.17514_none_fa396087175ac9ac\COMCTL32.dll
0x000007fefd450000 - 0x000007fefd4c1000 	C:\Windows\system32\SHLWAPI.dll
0x000007fefd400000 - 0x000007fefd42e000 	C:\Windows\system32\IMM32.DLL
0x000007fefd6e0000 - 0x000007fefd7e9000 	C:\Windows\system32\MSCTF.dll
0x000000006dd60000 - 0x000000006de32000 	C:\Program Files\Android\Android Studio\jre\jre\bin\msvcr100.dll
0x000000006c5e0000 - 0x000000006ce26000 	C:\Program Files\Android\Android Studio\jre\jre\bin\server\jvm.dll
0x000007fef8070000 - 0x000007fef8079000 	C:\Windows\system32\WSOCK32.dll
0x000007fefe580000 - 0x000007fefe5cd000 	C:\Windows\system32\WS2_32.dll
0x000007fefe6d0000 - 0x000007fefe6d8000 	C:\Windows\system32\NSI.dll
0x000007fefbab0000 - 0x000007fefbaeb000 	C:\Windows\system32\WINMM.dll
0x000007fefbfd0000 - 0x000007fefbfdc000 	C:\Windows\system32\VERSION.dll
0x00000000770f0000 - 0x00000000770f7000 	C:\Windows\system32\PSAPI.DLL
0x000007fefbbb0000 - 0x000007fefbbbf000 	C:\Program Files\Android\Android Studio\jre\jre\bin\verify.dll
0x000007fef9a50000 - 0x000007fef9a79000 	C:\Program Files\Android\Android Studio\jre\jre\bin\java.dll
0x000007fef9a30000 - 0x000007fef9a46000 	C:\Program Files\Android\Android Studio\jre\jre\bin\zip.dll
0x000007fefd7f0000 - 0x000007fefe578000 	C:\Windows\system32\SHELL32.dll
0x000007fefd4d0000 - 0x000007fefd6d3000 	C:\Windows\system32\ole32.dll
0x000007fefce70000 - 0x000007fefce7f000 	C:\Windows\system32\profapi.dll
0x000007fef7f70000 - 0x000007fef7f8a000 	C:\Program Files\Android\Android Studio\jre\jre\bin\net.dll
0x000007fefc6e0000 - 0x000007fefc735000 	C:\Windows\system32\mswsock.dll
0x000007fefc6d0000 - 0x000007fefc6d7000 	C:\Windows\System32\wship6.dll
0x000007fef7f50000 - 0x000007fef7f61000 	C:\Program Files\Android\Android Studio\jre\jre\bin\nio.dll
0x000007fef10e0000 - 0x000007fef1106000 	C:\Users\user\.gradle\native\29\windows-amd64\native-platform.dll
0x000007fef6d30000 - 0x000007fef6d33000 	C:\Windows\system32\api-ms-win-core-synch-l1-2-0.DLL
0x000007fefbba0000 - 0x000007fefbbad000 	C:\Program Files\Android\Android Studio\jre\jre\bin\management.dll
0x000007fefc740000 - 0x000007fefc757000 	C:\Windows\system32\CRYPTSP.dll
0x000007fefc440000 - 0x000007fefc487000 	C:\Windows\system32\rsaenh.dll
0x000007fefc1c0000 - 0x000007fefc1de000 	C:\Windows\system32\USERENV.dll
0x000007fefcda0000 - 0x000007fefcdaf000 	C:\Windows\system32\CRYPTBASE.dll
0x000007fefb220000 - 0x000007fefb247000 	C:\Windows\system32\IPHLPAPI.DLL
0x000007fefb210000 - 0x000007fefb21b000 	C:\Windows\system32\WINNSI.DLL
0x000007fefa4b0000 - 0x000007fefa4c8000 	C:\Windows\system32\dhcpcsvc.DLL
0x000007fefa490000 - 0x000007fefa4a1000 	C:\Windows\system32\dhcpcsvc6.DLL
0x000007fefcd40000 - 0x000007fefcd97000 	C:\Windows\system32\apphelp.dll

VM Arguments:
jvm_args: -Xmx1536m -Dfile.encoding=GBK -Duser.country=US -Duser.language=en -Duser.variant 
java_command: org.gradle.launcher.daemon.bootstrap.GradleDaemon 5.4.1
java_class_path (initial): C:\Users\user\.gradle\wrapper\dists\gradle-5.4.1-all\3221gyojl5jsh0helicew7rwx\gradle-5.4.1\lib\gradle-launcher-5.4.1.jar
Launcher Type: SUN_STANDARD

Environment Variables:
PATH=C:\oraclexe\app\oracle\product\11.2.0\server\bin;C:\ProgramData\Oracle\Java\javapath;C:\Windows\system32;C:\Windows;C:\Windows\System32\Wbem;C:\Windows\System32\WindowsPowerShell\v1.0\;C:\Program Files\dotnet\;C:\Program Files\Microsoft SQL Server\130\Tools\Binn\;C:\Program Files\Microsoft SQL Server\Client SDK\ODBC\170\Tools\Binn\;C:\Program Files\Git\cmd;C:\Users\user\AppData\Local\GitHubDesktop\bin
USERNAME=user
OS=Windows_NT
PROCESSOR_IDENTIFIER=Intel64 Family 6 Model 42 Stepping 7, GenuineIntel



---------------  S Y S T E M  ---------------

OS: Windows 7 , 64 bit Build 7601 (6.1.7601.18015)

CPU:total 4 (initial active 4) (2 cores per cpu, 2 threads per core) family 6 model 42 stepping 7, cmov, cx8, fxsr, mmx, sse, sse2, sse3, ssse3, sse4.1, sse4.2, popcnt, avx, aes, clmul, ht, tsc, tscinvbit

Memory: 4k page, physical 4073708k(146292k free), swap 9474204k(5604k free)

vm_info: OpenJDK 64-Bit Server VM (25.202-b03) for windows-amd64 JRE (1.8.0_202-release-1483-b03), built by "builder" with MS VC++ 10.0 (VS2010)

time: Sun Nov 17 00:13:46 2019
timezone: Malay Peninsula Standard Time
elapsed time: 40 seconds (0d 0h 0m 40s)

